<?xml version="1.0" encoding="UTF-8"?>
<testng-results ignored="0" total="1" passed="1" failed="0" skipped="0">
  <reporter-output>
  </reporter-output>
  <suite started-at="2025-11-13T00:05:58 PST" name="Default suite" finished-at="2025-11-13T00:06:06 PST" duration-ms="8503">
    <groups>
    </groups>
    <test started-at="2025-11-13T00:05:58 PST" name="Default test" finished-at="2025-11-13T00:06:06 PST" duration-ms="8503">
      <class name="firstproject.Mytestcases">
        <test-method is-config="true" signature="mySetup()[pri:0, instance:firstproject.Mytestcases@2dd80673]" started-at="2025-11-13T00:05:58 PST" name="mySetup" finished-at="2025-11-13T00:06:06 PST" duration-ms="8382" status="PASS">
          <reporter-output>
          </reporter-output>
        </test-method> <!-- mySetup -->
        <test-method signature="Login()[pri:0, instance:firstproject.Mytestcases@2dd80673]" started-at="2025-11-13T00:06:06 PST" name="Login" finished-at="2025-11-13T00:06:06 PST" duration-ms="23" status="PASS">
          <reporter-output>
          </reporter-output>
        </test-method> <!-- Login -->
        <test-method is-config="true" signature="myAfetrTest()[pri:0, instance:firstproject.Mytestcases@2dd80673]" started-at="2025-11-13T00:06:06 PST" name="myAfetrTest" finished-at="2025-11-13T00:06:06 PST" duration-ms="1" status="PASS">
          <reporter-output>
          </reporter-output>
        </test-method> <!-- myAfetrTest -->
      </class> <!-- firstproject.Mytestcases -->
    </test> <!-- Default test -->
  </suite> <!-- Default suite -->
</testng-results>
